[      64ms] [INFO] %cDownload the React DevTools for a better development experience: https://reactjs.org/link/react-devtools font-weight:bold @ http://localhost:5173/node_modules/.vite/deps/chunk-OY5C42Z6.js?v=57380785:21608
[      68ms] [LOG] Environment Variables Status: {projectId: 5gu0ubge, dataset: production, apiVersion: 2024-03-19} @ http://localhost:5173/src/lib/sanityClient.js:5
[      69ms] [LOG] Sanity Config: {projectId: 5gu0ubge, dataset: production, useCdn: true, apiVersion: 2024-03-14, perspective: published} @ http://localhost:5173/src/lib/sanityClient.js:23
[     107ms] [LOG] %c[Vercel Web Analytics]%c Debug mode is enabled by default in development. No requests will be sent to the server. color: rgb(120, 120, 120) color: inherit @ https://va.vercel-scripts.com/v1/script.debug.js:0
[     108ms] [LOG] %c[Vercel Web Analytics]%c [view] http://localhost:5173/contact color: rgb(120, 120, 120) color: inherit {o: http://localhost:5173/contact, sv: 0.1.3, sdkn: @vercel/analytics/react, sdkv: 1.5.0, ts: 1775113124981} /_vercel/insights/view @ https://va.vercel-scripts.com/v1/script.debug.js:0
[ 5613238ms] [INFO] %cDownload the React DevTools for a better development experience: https://reactjs.org/link/react-devtools font-weight:bold @ http://localhost:5173/node_modules/.vite/deps/chunk-OY5C42Z6.js?v=57380785:21608
[ 5613239ms] [LOG] Environment Variables Status: {projectId: 5gu0ubge, dataset: production, apiVersion: 2024-03-19} @ http://localhost:5173/src/lib/sanityClient.js:5
[ 5613239ms] [LOG] Sanity Config: {projectId: 5gu0ubge, dataset: production, useCdn: true, apiVersion: 2024-03-14, perspective: published} @ http://localhost:5173/src/lib/sanityClient.js:23
[ 5613361ms] [LOG] %c[Vercel Web Analytics]%c Debug mode is enabled by default in development. No requests will be sent to the server. color: rgb(120, 120, 120) color: inherit @ https://va.vercel-scripts.com/v1/script.debug.js:0
[ 5613361ms] [LOG] %c[Vercel Web Analytics]%c [view] http://localhost:5173/ color: rgb(120, 120, 120) color: inherit {o: http://localhost:5173/, sv: 0.1.3, sdkn: @vercel/analytics/react, sdkv: 1.5.0, ts: 1775118738234} /_vercel/insights/view @ https://va.vercel-scripts.com/v1/script.debug.js:0
[ 5614203ms] [INFO] %cDownload the React DevTools for a better development experience: https://reactjs.org/link/react-devtools font-weight:bold @ http://localhost:5173/node_modules/.vite/deps/chunk-OY5C42Z6.js?v=57380785:21608
[ 5614205ms] [LOG] Environment Variables Status: {projectId: 5gu0ubge, dataset: production, apiVersion: 2024-03-19} @ http://localhost:5173/src/lib/sanityClient.js:5
[ 5614205ms] [LOG] Sanity Config: {projectId: 5gu0ubge, dataset: production, useCdn: true, apiVersion: 2024-03-14, perspective: published} @ http://localhost:5173/src/lib/sanityClient.js:23
[ 5614260ms] [LOG] %c[Vercel Web Analytics]%c Debug mode is enabled by default in development. No requests will be sent to the server. color: rgb(120, 120, 120) color: inherit @ https://va.vercel-scripts.com/v1/script.debug.js:0
[ 5614260ms] [LOG] %c[Vercel Web Analytics]%c [view] http://localhost:5173/ color: rgb(120, 120, 120) color: inherit {o: http://localhost:5173/, sv: 0.1.3, sdkn: @vercel/analytics/react, sdkv: 1.5.0, ts: 1775118739133} /_vercel/insights/view @ https://va.vercel-scripts.com/v1/script.debug.js:0
[ 5615168ms] [INFO] %cDownload the React DevTools for a better development experience: https://reactjs.org/link/react-devtools font-weight:bold @ http://localhost:5173/node_modules/.vite/deps/chunk-OY5C42Z6.js?v=57380785:21608
[ 5615169ms] [LOG] Environment Variables Status: {projectId: 5gu0ubge, dataset: production, apiVersion: 2024-03-19} @ http://localhost:5173/src/lib/sanityClient.js:5
[ 5615169ms] [LOG] Sanity Config: {projectId: 5gu0ubge, dataset: production, useCdn: true, apiVersion: 2024-03-14, perspective: published} @ http://localhost:5173/src/lib/sanityClient.js:23
[ 5615191ms] [LOG] %c[Vercel Web Analytics]%c Debug mode is enabled by default in development. No requests will be sent to the server. color: rgb(120, 120, 120) color: inherit @ https://va.vercel-scripts.com/v1/script.debug.js:0
[ 5615191ms] [LOG] %c[Vercel Web Analytics]%c [view] http://localhost:5173/rnd color: rgb(120, 120, 120) color: inherit {o: http://localhost:5173/rnd, sv: 0.1.3, sdkn: @vercel/analytics/react, sdkv: 1.5.0, ts: 1775118740065} /_vercel/insights/view @ https://va.vercel-scripts.com/v1/script.debug.js:0
[ 5616106ms] [INFO] %cDownload the React DevTools for a better development experience: https://reactjs.org/link/react-devtools font-weight:bold @ http://localhost:5173/node_modules/.vite/deps/chunk-OY5C42Z6.js?v=57380785:21608
[ 5616107ms] [LOG] Environment Variables Status: {projectId: 5gu0ubge, dataset: production, apiVersion: 2024-03-19} @ http://localhost:5173/src/lib/sanityClient.js:5
[ 5616107ms] [LOG] Sanity Config: {projectId: 5gu0ubge, dataset: production, useCdn: true, apiVersion: 2024-03-14, perspective: published} @ http://localhost:5173/src/lib/sanityClient.js:23
[ 5616128ms] [LOG] %c[Vercel Web Analytics]%c Debug mode is enabled by default in development. No requests will be sent to the server. color: rgb(120, 120, 120) color: inherit @ https://va.vercel-scripts.com/v1/script.debug.js:0
[ 5616128ms] [LOG] %c[Vercel Web Analytics]%c [view] http://localhost:5173/rnd/shophouse-generator color: rgb(120, 120, 120) color: inherit {o: http://localhost:5173/rnd/shophouse-generator, sv: 0.1.3, sdkn: @vercel/analytics/react, sdkv: 1.5.0, ts: 1775118741001} /_vercel/insights/view @ https://va.vercel-scripts.com/v1/script.debug.js:0
[ 5617076ms] [INFO] %cDownload the React DevTools for a better development experience: https://reactjs.org/link/react-devtools font-weight:bold @ http://localhost:5173/node_modules/.vite/deps/chunk-OY5C42Z6.js?v=57380785:21608
[ 5617077ms] [LOG] Environment Variables Status: {projectId: 5gu0ubge, dataset: production, apiVersion: 2024-03-19} @ http://localhost:5173/src/lib/sanityClient.js:5
[ 5617077ms] [LOG] Sanity Config: {projectId: 5gu0ubge, dataset: production, useCdn: true, apiVersion: 2024-03-14, perspective: published} @ http://localhost:5173/src/lib/sanityClient.js:23
[ 5617100ms] [LOG] %c[Vercel Web Analytics]%c Debug mode is enabled by default in development. No requests will be sent to the server. color: rgb(120, 120, 120) color: inherit @ https://va.vercel-scripts.com/v1/script.debug.js:0
[ 5617100ms] [LOG] %c[Vercel Web Analytics]%c [view] http://localhost:5173/contact color: rgb(120, 120, 120) color: inherit {o: http://localhost:5173/contact, sv: 0.1.3, sdkn: @vercel/analytics/react, sdkv: 1.5.0, ts: 1775118741974} /_vercel/insights/view @ https://va.vercel-scripts.com/v1/script.debug.js:0
[ 5618037ms] [INFO] %cDownload the React DevTools for a better development experience: https://reactjs.org/link/react-devtools font-weight:bold @ http://localhost:5173/node_modules/.vite/deps/chunk-OY5C42Z6.js?v=57380785:21608
[ 5618038ms] [LOG] Environment Variables Status: {projectId: 5gu0ubge, dataset: production, apiVersion: 2024-03-19} @ http://localhost:5173/src/lib/sanityClient.js:5
[ 5618038ms] [LOG] Sanity Config: {projectId: 5gu0ubge, dataset: production, useCdn: true, apiVersion: 2024-03-14, perspective: published} @ http://localhost:5173/src/lib/sanityClient.js:23
[ 5618062ms] [LOG] %c[Vercel Web Analytics]%c Debug mode is enabled by default in development. No requests will be sent to the server. color: rgb(120, 120, 120) color: inherit @ https://va.vercel-scripts.com/v1/script.debug.js:0
[ 5618062ms] [LOG] %c[Vercel Web Analytics]%c [view] http://localhost:5173/project/cinder color: rgb(120, 120, 120) color: inherit {o: http://localhost:5173/project/cinder, sv: 0.1.3, sdkn: @vercel/analytics/react, sdkv: 1.5.0, ts: 1775118742936} /_vercel/insights/view @ https://va.vercel-scripts.com/v1/script.debug.js:0
[ 5618992ms] [INFO] %cDownload the React DevTools for a better development experience: https://reactjs.org/link/react-devtools font-weight:bold @ http://localhost:5173/node_modules/.vite/deps/chunk-OY5C42Z6.js?v=57380785:21608
[ 5618994ms] [LOG] Environment Variables Status: {projectId: 5gu0ubge, dataset: production, apiVersion: 2024-03-19} @ http://localhost:5173/src/lib/sanityClient.js:5
[ 5618994ms] [LOG] Sanity Config: {projectId: 5gu0ubge, dataset: production, useCdn: true, apiVersion: 2024-03-14, perspective: published} @ http://localhost:5173/src/lib/sanityClient.js:23
[ 5619050ms] [LOG] %c[Vercel Web Analytics]%c Debug mode is enabled by default in development. No requests will be sent to the server. color: rgb(120, 120, 120) color: inherit @ https://va.vercel-scripts.com/v1/script.debug.js:0
[ 5619050ms] [LOG] %c[Vercel Web Analytics]%c [view] http://localhost:5173/ color: rgb(120, 120, 120) color: inherit {o: http://localhost:5173/, sv: 0.1.3, sdkn: @vercel/analytics/react, sdkv: 1.5.0, ts: 1775118743924} /_vercel/insights/view @ https://va.vercel-scripts.com/v1/script.debug.js:0
